2023.06.12 19:33:24 INFO  Started: Metals version 0.11.12 in workspace 'C:\Users\Gabriel\Desktop\Costa\Estudos\Scala\bubble-sort' for client Visual Studio Code 1.79.0.
jun 12, 2023 7:33:24 PM org.flywaydb.core.internal.license.VersionPrinter printVersionOnly
INFORMAÇÕES: Flyway Community Edition 9.16.3 by Redgate
jun 12, 2023 7:33:24 PM org.flywaydb.core.internal.license.VersionPrinter printVersion
INFORMAÇÕES: See release notes here: https://rd.gt/416ObMi
jun 12, 2023 7:33:24 PM org.flywaydb.core.internal.license.VersionPrinter printVersion
INFORMAÇÕES: 
jun 12, 2023 7:33:24 PM org.flywaydb.core.internal.database.base.BaseDatabaseType createDatabase
INFORMAÇÕES: Database: jdbc:h2:file:C:\Users\Gabriel\Desktop\Costa\Estudos\Scala\bubble-sort\.metals\metals (H2 2.1)
jun 12, 2023 7:33:24 PM org.flywaydb.core.internal.schemahistory.JdbcTableSchemaHistory allAppliedMigrations
INFORMAÇÕES: Schema history table "PUBLIC"."flyway_schema_history" does not exist yet
jun 12, 2023 7:33:24 PM org.flywaydb.core.internal.command.DbValidate validate
INFORMAÇÕES: Successfully validated 4 migrations (execution time 00:00.012s)
jun 12, 2023 7:33:24 PM org.flywaydb.core.internal.schemahistory.JdbcTableSchemaHistory create
INFORMAÇÕES: Creating Schema History table "PUBLIC"."flyway_schema_history" ...
jun 12, 2023 7:33:24 PM org.flywaydb.core.internal.command.DbMigrate migrateGroup
INFORMAÇÕES: Current version of schema "PUBLIC": << Empty Schema >>
jun 12, 2023 7:33:24 PM org.flywaydb.core.internal.command.DbMigrate doMigrateGroup
INFORMAÇÕES: Migrating schema "PUBLIC" to version "1 - Create tables"
jun 12, 2023 7:33:24 PM org.flywaydb.core.internal.command.DbMigrate doMigrateGroup
INFORMAÇÕES: Migrating schema "PUBLIC" to version "2 - Server discovery"
jun 12, 2023 7:33:24 PM org.flywaydb.core.internal.command.DbMigrate doMigrateGroup
INFORMAÇÕES: Migrating schema "PUBLIC" to version "3 - Jar symbols"
jun 12, 2023 7:33:24 PM org.flywaydb.core.internal.command.DbMigrate doMigrateGroup
INFORMAÇÕES: Migrating schema "PUBLIC" to version "4 - Fingerprints"
jun 12, 2023 7:33:24 PM org.flywaydb.core.internal.command.DbMigrate logSummary
INFORMAÇÕES: Successfully applied 4 migrations to schema "PUBLIC", now at version v4 (execution time 00:00.041s)
2023.06.12 19:33:24 INFO  time: initialize in 0.51s
2023.06.12 19:33:25 WARN  Build server is not auto-connectable.
2023.06.12 19:33:25 WARN  no build target for: C:\Users\Gabriel\Desktop\Costa\Estudos\Scala\bubble-sort\src\main\scala\Main.scala
2023.06.12 19:33:26 WARN  no build target for: C:\Users\Gabriel\Desktop\Costa\Estudos\Scala\bubble-sort\src\main\scala\Main.scala
2023.06.12 19:33:27 INFO  no build target found for C:\Users\Gabriel\Desktop\Costa\Estudos\Scala\bubble-sort\src\main\scala\Main.scala. Using presentation compiler with project's scala-library version: 3.2.2
2023.06.12 19:33:29 INFO  time: code lens generation in 3.15s
2023.06.12 19:34:15 WARN  no build target for: C:\Users\Gabriel\Desktop\Costa\Estudos\Scala\bubble-sort\src\main\scala\Main.scala
2023.06.12 19:34:19 WARN  no build target for: C:\Users\Gabriel\Desktop\Costa\Estudos\Scala\bubble-sort\src\main\scala\Main.scala
2023.06.12 19:34:46 WARN  no build target for: C:\Users\Gabriel\Desktop\Costa\Estudos\Scala\bubble-sort\src\main\scala\Main.scala
2023.06.12 19:34:49 WARN  no build target for: C:\Users\Gabriel\Desktop\Costa\Estudos\Scala\bubble-sort\src\main\scala\Main.scala
2023.06.12 19:35:18 WARN  no build target for: C:\Users\Gabriel\Desktop\Costa\Estudos\Scala\bubble-sort\src\main\scala\Main.scala
2023.06.12 19:35:29 WARN  no build target for: C:\Users\Gabriel\Desktop\Costa\Estudos\Scala\bubble-sort\src\main\scala\Main.scala
2023.06.12 19:35:32 WARN  no build target for: C:\Users\Gabriel\Desktop\Costa\Estudos\Scala\bubble-sort\src\main\scala\Main.scala
2023.06.12 19:35:36 WARN  no build target for: C:\Users\Gabriel\Desktop\Costa\Estudos\Scala\bubble-sort\src\main\scala\Main.scala
2023.06.12 19:35:39 WARN  no build target for: C:\Users\Gabriel\Desktop\Costa\Estudos\Scala\bubble-sort\src\main\scala\Main.scala
2023.06.12 19:35:45 WARN  no build target for: C:\Users\Gabriel\Desktop\Costa\Estudos\Scala\bubble-sort\src\main\scala\Main.scala
2023.06.12 19:35:49 WARN  no build target for: C:\Users\Gabriel\Desktop\Costa\Estudos\Scala\bubble-sort\src\main\scala\Main.scala
2023.06.12 19:35:58 WARN  no build target for: C:\Users\Gabriel\Desktop\Costa\Estudos\Scala\bubble-sort\src\main\scala\Main.scala
2023.06.12 19:36:02 WARN  no build target for: C:\Users\Gabriel\Desktop\Costa\Estudos\Scala\bubble-sort\src\main\scala\Main.scala
2023.06.12 19:36:06 WARN  no build target for: C:\Users\Gabriel\Desktop\Costa\Estudos\Scala\bubble-sort\src\main\scala\Main.scala
2023.06.12 19:36:23 WARN  no build target for: C:\Users\Gabriel\Desktop\Costa\Estudos\Scala\bubble-sort\src\main\scala\Main.scala
2023.06.12 19:36:37 WARN  no build target for: C:\Users\Gabriel\Desktop\Costa\Estudos\Scala\bubble-sort\src\main\scala\Main.scala
jun 12, 2023 7:36:39 PM org.eclipse.lsp4j.jsonrpc.RemoteEndpoint handleCancellation
ADVERTÊNCIA: Unmatched cancel notification for request id 417
2023.06.12 19:36:43 WARN  no build target for: C:\Users\Gabriel\Desktop\Costa\Estudos\Scala\bubble-sort\src\main\scala\Main.scala
2023.06.12 19:36:45 WARN  no build target for: C:\Users\Gabriel\Desktop\Costa\Estudos\Scala\bubble-sort\src\main\scala\Main.scala
2023.06.12 19:36:49 WARN  no build target for: C:\Users\Gabriel\Desktop\Costa\Estudos\Scala\bubble-sort\src\main\scala\Main.scala
2023.06.12 19:36:53 WARN  no build target for: C:\Users\Gabriel\Desktop\Costa\Estudos\Scala\bubble-sort\src\main\scala\Main.scala
2023.06.12 19:37:03 WARN  no build target for: C:\Users\Gabriel\Desktop\Costa\Estudos\Scala\bubble-sort\src\main\scala\Main.scala
2023.06.12 19:37:10 WARN  no build target for: C:\Users\Gabriel\Desktop\Costa\Estudos\Scala\bubble-sort\src\main\scala\Main.scala
2023.06.12 19:37:20 WARN  no build target for: C:\Users\Gabriel\Desktop\Costa\Estudos\Scala\bubble-sort\src\main\scala\Main.scala
2023.06.12 19:37:24 WARN  no build target for: C:\Users\Gabriel\Desktop\Costa\Estudos\Scala\bubble-sort\src\main\scala\Main.scala
2023.06.12 19:37:31 WARN  no build target for: C:\Users\Gabriel\Desktop\Costa\Estudos\Scala\bubble-sort\src\main\scala\Main.scala
jun 12, 2023 7:37:35 PM org.eclipse.lsp4j.jsonrpc.RemoteEndpoint handleCancellation
ADVERTÊNCIA: Unmatched cancel notification for request id 671
2023.06.12 19:37:37 WARN  no build target for: C:\Users\Gabriel\Desktop\Costa\Estudos\Scala\bubble-sort\src\main\scala\Main.scala
jun 12, 2023 7:37:43 PM org.eclipse.lsp4j.jsonrpc.RemoteEndpoint handleCancellation
ADVERTÊNCIA: Unmatched cancel notification for request id 696
2023.06.12 19:37:51 WARN  no build target for: C:\Users\Gabriel\Desktop\Costa\Estudos\Scala\bubble-sort\src\main\scala\Main.scala
2023.06.12 19:38:03 WARN  no build target for: C:\Users\Gabriel\Desktop\Costa\Estudos\Scala\bubble-sort\src\main\scala\Main.scala
2023.06.12 19:54:27 WARN  no build target for: C:\Users\Gabriel\Desktop\Costa\Estudos\Scala\bubble-sort\src\main\scala\Main.scala
2023.06.12 20:04:46 INFO  
2023.06.12 20:04:46 INFO  Template applied in C:\Users\Gabriel\Desktop\Costa\Estudos\Scala\.\quick-sort
2023.06.12 20:04:46 INFO  
2023.06.12 20:04:46 INFO  time: ran 'giter8.Giter8' in 6.62s
2023.06.12 20:05:51 INFO  Shutting down server
2023.06.12 20:05:51 INFO  shutting down Metals
2023.06.12 20:05:51 INFO  Exiting server
